2024-02-27 19:53:27.171 Experiment started
2024-02-27 19:53:27.693 Window and monitors initialized
2024-02-27 19:53:27.693 Stimuli prepared
2024-02-27 19:53:27.783 Setting up prediction prompt
2024-02-27 19:53:28.926 Setting up word stimulus
2024-02-27 19:53:28.926 Setting up data writer
2024-02-27 19:53:28.926 Main experiment loop starting
2024-02-27 19:53:28.927 Displaying instruction: The experiment will now begin. 

 Press SPACE to START
2024-02-27 19:53:30.084 Instruction ended
2024-02-27 19:53:30.084 Starting trial 1
2024-02-27 19:53:30.084 Trial 1: Selected cue "Pictures/Cue1_hammer.png", Category: "TOOL"
2024-02-27 19:53:30.093 Trial 1: Showing fixation cross
2024-02-27 19:53:30.093 Showing fixation
2024-02-27 19:53:31.577 Fixation ended
2024-02-27 19:53:31.577 Trial 1: Fixation cross ended, moving to cue
2024-02-27 19:53:31.577 Trial 1: Showing cue
2024-02-27 19:53:31.577 Showing cue: Pictures/Cue1_hammer.png
2024-02-27 19:53:31.644 Trigger sent: 1
2024-02-27 19:53:31.676 Trigger sent: 0
2024-02-27 19:53:33.127 Cue shown: Pictures/Cue1_hammer.png with duration 1.5 seconds
2024-02-27 19:53:33.127 Trial 1: Cue completed, moving to fixation cross
2024-02-27 19:53:33.127 Trial 1: Showing fixation cross again
2024-02-27 19:53:33.127 Showing fixation
2024-02-27 19:53:34.628 Fixation ended
2024-02-27 19:53:34.629 Trial 1: Fixation cross ended, moving to word prediction prompt
2024-02-27 19:53:34.629 Trial 1: Starting prediction prompt
2024-02-27 19:53:34.629 Starting prediction prompt
2024-02-27 19:53:34.642 Frame 0: Before win.flip()
2024-02-27 19:53:34.646 Trigger sent: 2
2024-02-27 19:53:34.646 Frame 0: After win.flip()
2024-02-27 19:53:34.648 Frame 1: Before win.flip()
2024-02-27 19:53:34.660 Frame 1: After win.flip()
2024-02-27 19:53:34.664 Frame 2: Before win.flip()
2024-02-27 19:53:34.677 Frame 2: After win.flip()
2024-02-27 19:53:34.679 Frame 3: Before win.flip()
2024-02-27 19:53:34.694 Frame 3: After win.flip()
2024-02-27 19:53:34.697 Frame 4: Before win.flip()
2024-02-27 19:53:34.710 Frame 4: After win.flip()
2024-02-27 19:53:34.713 Frame 5: Before win.flip()
2024-02-27 19:53:34.727 Frame 5: After win.flip()
2024-02-27 19:53:34.730 Frame 6: Before win.flip()
2024-02-27 19:53:34.744 Frame 6: After win.flip()
2024-02-27 19:53:34.746 Frame 7: Before win.flip()
2024-02-27 19:53:34.761 Frame 7: After win.flip()
2024-02-27 19:53:34.763 Frame 8: Before win.flip()
2024-02-27 19:53:34.777 Frame 8: After win.flip()
2024-02-27 19:53:34.779 Frame 9: Before win.flip()
2024-02-27 19:53:34.794 Frame 9: After win.flip()
2024-02-27 19:53:34.796 Frame 10: Before win.flip()
2024-02-27 19:53:34.811 Frame 10: After win.flip()
2024-02-27 19:53:34.814 Frame 11: Before win.flip()
2024-02-27 19:53:34.827 Frame 11: After win.flip()
2024-02-27 19:53:34.830 Frame 12: Before win.flip()
2024-02-27 19:53:34.844 Frame 12: After win.flip()
2024-02-27 19:53:34.846 Frame 13: Before win.flip()
2024-02-27 19:53:34.861 Frame 13: After win.flip()
2024-02-27 19:53:34.864 Frame 14: Before win.flip()
2024-02-27 19:53:34.877 Frame 14: After win.flip()
2024-02-27 19:53:34.881 Frame 15: Before win.flip()
2024-02-27 19:53:34.894 Frame 15: After win.flip()
2024-02-27 19:53:34.896 Frame 16: Before win.flip()
2024-02-27 19:53:34.911 Frame 16: After win.flip()
2024-02-27 19:53:34.913 Frame 17: Before win.flip()
2024-02-27 19:53:34.927 Frame 17: After win.flip()
2024-02-27 19:53:34.929 Frame 18: Before win.flip()
2024-02-27 19:53:34.944 Frame 18: After win.flip()
2024-02-27 19:53:34.946 Frame 19: Before win.flip()
2024-02-27 19:53:34.960 Frame 19: After win.flip()
2024-02-27 19:53:34.964 Frame 20: Before win.flip()
2024-02-27 19:53:34.978 Frame 20: After win.flip()
2024-02-27 19:53:34.981 Frame 21: Before win.flip()
2024-02-27 19:53:34.994 Frame 21: After win.flip()
2024-02-27 19:53:34.997 Frame 22: Before win.flip()
2024-02-27 19:53:35.010 Frame 22: After win.flip()
2024-02-27 19:53:35.012 Frame 23: Before win.flip()
2024-02-27 19:53:35.028 Frame 23: After win.flip()
2024-02-27 19:53:35.030 Frame 24: Before win.flip()
2024-02-27 19:53:35.044 Frame 24: After win.flip()
2024-02-27 19:53:35.046 Frame 25: Before win.flip()
2024-02-27 19:53:35.061 Frame 25: After win.flip()
2024-02-27 19:53:35.063 Frame 26: Before win.flip()
2024-02-27 19:53:35.077 Frame 26: After win.flip()
2024-02-27 19:53:35.079 Frame 27: Before win.flip()
2024-02-27 19:53:35.094 Frame 27: After win.flip()
2024-02-27 19:53:35.096 Frame 28: Before win.flip()
2024-02-27 19:53:35.111 Frame 28: After win.flip()
2024-02-27 19:53:35.114 Frame 29: Before win.flip()
2024-02-27 19:53:35.128 Frame 29: After win.flip()
2024-02-27 19:53:35.131 Frame 30: Before win.flip()
2024-02-27 19:53:35.144 Frame 30: After win.flip()
2024-02-27 19:53:35.146 Frame 31: Before win.flip()
2024-02-27 19:53:35.160 Frame 31: After win.flip()
2024-02-27 19:53:35.162 Frame 32: Before win.flip()
2024-02-27 19:53:35.177 Frame 32: After win.flip()
2024-02-27 19:53:35.180 Frame 33: Before win.flip()
2024-02-27 19:53:35.194 Frame 33: After win.flip()
2024-02-27 19:53:35.198 Prediction made: 1 with reaction time: 9.21707480000623
2024-02-27 19:53:35.198 Frame 34: Before win.flip()
2024-02-27 19:53:35.210 Frame 34: After win.flip()
2024-02-27 19:53:35.212 Frame 35: Before win.flip()
2024-02-27 19:53:35.227 Frame 35: After win.flip()
2024-02-27 19:53:35.230 Frame 36: Before win.flip()
2024-02-27 19:53:35.244 Frame 36: After win.flip()
2024-02-27 19:53:35.247 Frame 37: Before win.flip()
2024-02-27 19:53:35.261 Frame 37: After win.flip()
2024-02-27 19:53:35.263 Frame 38: Before win.flip()
2024-02-27 19:53:35.278 Frame 38: After win.flip()
2024-02-27 19:53:35.280 Frame 39: Before win.flip()
2024-02-27 19:53:35.293 Frame 39: After win.flip()
2024-02-27 19:53:35.296 Frame 40: Before win.flip()
2024-02-27 19:53:35.311 Frame 40: After win.flip()
2024-02-27 19:53:35.313 Frame 41: Before win.flip()
2024-02-27 19:53:35.328 Frame 41: After win.flip()
2024-02-27 19:53:35.330 Frame 42: Before win.flip()
2024-02-27 19:53:35.344 Frame 42: After win.flip()
2024-02-27 19:53:35.346 Frame 43: Before win.flip()
2024-02-27 19:53:35.361 Frame 43: After win.flip()
2024-02-27 19:53:35.364 Frame 44: Before win.flip()
2024-02-27 19:53:35.377 Frame 44: After win.flip()
2024-02-27 19:53:35.380 Frame 45: Before win.flip()
2024-02-27 19:53:35.394 Frame 45: After win.flip()
2024-02-27 19:53:35.397 Frame 46: Before win.flip()
2024-02-27 19:53:35.410 Frame 46: After win.flip()
2024-02-27 19:53:35.413 Frame 47: Before win.flip()
2024-02-27 19:53:35.427 Frame 47: After win.flip()
2024-02-27 19:53:35.430 Frame 48: Before win.flip()
2024-02-27 19:53:35.444 Frame 48: After win.flip()
2024-02-27 19:53:35.446 Frame 49: Before win.flip()
2024-02-27 19:53:35.461 Frame 49: After win.flip()
2024-02-27 19:53:35.464 Frame 50: Before win.flip()
2024-02-27 19:53:35.478 Frame 50: After win.flip()
2024-02-27 19:53:35.480 Frame 51: Before win.flip()
2024-02-27 19:53:35.494 Frame 51: After win.flip()
2024-02-27 19:53:35.496 Frame 52: Before win.flip()
2024-02-27 19:53:35.510 Frame 52: After win.flip()
2024-02-27 19:53:35.513 Frame 53: Before win.flip()
2024-02-27 19:53:35.527 Frame 53: After win.flip()
2024-02-27 19:53:35.530 Frame 54: Before win.flip()
2024-02-27 19:53:35.544 Frame 54: After win.flip()
2024-02-27 19:53:35.546 Frame 55: Before win.flip()
2024-02-27 19:53:35.561 Frame 55: After win.flip()
2024-02-27 19:53:35.563 Frame 56: Before win.flip()
2024-02-27 19:53:35.578 Frame 56: After win.flip()
2024-02-27 19:53:35.581 Frame 57: Before win.flip()
2024-02-27 19:53:35.594 Frame 57: After win.flip()
2024-02-27 19:53:35.597 Frame 58: Before win.flip()
2024-02-27 19:53:35.611 Frame 58: After win.flip()
2024-02-27 19:53:35.614 Frame 59: Before win.flip()
2024-02-27 19:53:35.628 Frame 59: After win.flip()
2024-02-27 19:53:35.631 Frame 60: Before win.flip()
2024-02-27 19:53:35.645 Frame 60: After win.flip()
2024-02-27 19:53:35.648 Frame 61: Before win.flip()
2024-02-27 19:53:35.660 Frame 61: After win.flip()
2024-02-27 19:53:35.663 Frame 62: Before win.flip()
2024-02-27 19:53:35.677 Frame 62: After win.flip()
2024-02-27 19:53:35.680 Frame 63: Before win.flip()
2024-02-27 19:53:35.694 Frame 63: After win.flip()
2024-02-27 19:53:35.697 Frame 64: Before win.flip()
2024-02-27 19:53:35.711 Frame 64: After win.flip()
2024-02-27 19:53:35.713 Frame 65: Before win.flip()
2024-02-27 19:53:35.728 Frame 65: After win.flip()
2024-02-27 19:53:35.730 Frame 66: Before win.flip()
2024-02-27 19:53:35.745 Frame 66: After win.flip()
2024-02-27 19:53:35.748 Frame 67: Before win.flip()
2024-02-27 19:53:35.761 Frame 67: After win.flip()
2024-02-27 19:53:35.764 Frame 68: Before win.flip()
2024-02-27 19:53:35.778 Frame 68: After win.flip()
2024-02-27 19:53:35.780 Frame 69: Before win.flip()
2024-02-27 19:53:35.794 Frame 69: After win.flip()
2024-02-27 19:53:35.797 Frame 70: Before win.flip()
2024-02-27 19:53:35.811 Frame 70: After win.flip()
2024-02-27 19:53:35.814 Frame 71: Before win.flip()
2024-02-27 19:53:35.828 Frame 71: After win.flip()
2024-02-27 19:53:35.831 Frame 72: Before win.flip()
2024-02-27 19:53:35.844 Frame 72: After win.flip()
2024-02-27 19:53:35.847 Frame 73: Before win.flip()
2024-02-27 19:53:35.862 Frame 73: After win.flip()
2024-02-27 19:53:35.864 Frame 74: Before win.flip()
2024-02-27 19:53:35.879 Frame 74: After win.flip()
2024-02-27 19:53:35.881 Frame 75: Before win.flip()
2024-02-27 19:53:35.895 Frame 75: After win.flip()
2024-02-27 19:53:35.897 Frame 76: Before win.flip()
2024-02-27 19:53:35.911 Frame 76: After win.flip()
2024-02-27 19:53:35.916 Frame 77: Before win.flip()
2024-02-27 19:53:35.928 Frame 77: After win.flip()
2024-02-27 19:53:35.930 Frame 78: Before win.flip()
2024-02-27 19:53:35.944 Frame 78: After win.flip()
2024-02-27 19:53:35.947 Frame 79: Before win.flip()
2024-02-27 19:53:35.961 Frame 79: After win.flip()
2024-02-27 19:53:35.964 Frame 80: Before win.flip()
2024-02-27 19:53:35.978 Frame 80: After win.flip()
2024-02-27 19:53:35.980 Frame 81: Before win.flip()
2024-02-27 19:53:35.994 Frame 81: After win.flip()
2024-02-27 19:53:35.997 Frame 82: Before win.flip()
2024-02-27 19:53:36.011 Frame 82: After win.flip()
2024-02-27 19:53:36.013 Frame 83: Before win.flip()
2024-02-27 19:53:36.028 Frame 83: After win.flip()
2024-02-27 19:53:36.031 Frame 84: Before win.flip()
2024-02-27 19:53:36.044 Frame 84: After win.flip()
2024-02-27 19:53:36.047 Frame 85: Before win.flip()
2024-02-27 19:53:36.061 Frame 85: After win.flip()
2024-02-27 19:53:36.063 Frame 86: Before win.flip()
2024-02-27 19:53:36.078 Frame 86: After win.flip()
2024-02-27 19:53:36.081 Frame 87: Before win.flip()
2024-02-27 19:53:36.096 Frame 87: After win.flip()
2024-02-27 19:53:36.098 Frame 88: Before win.flip()
2024-02-27 19:53:36.111 Frame 88: After win.flip()
2024-02-27 19:53:36.114 Frame 89: Before win.flip()
2024-02-27 19:53:36.128 Frame 89: After win.flip()
2024-02-27 19:53:36.128 Setting trigger reset on next flip after prediction prompt
2024-02-27 19:53:36.145 Trigger sent: 0
2024-02-27 19:53:36.145 Trigger reset after prediction prompt
2024-02-27 19:53:36.145 Prediction prompt completed
2024-02-27 19:53:36.145 Trial 1: Prediction prompt completed, moving to fixation cross
2024-02-27 19:53:36.145 Trial 1: Showing fixation cross
2024-02-27 19:53:36.145 Showing fixation
2024-02-27 19:53:37.646 Fixation ended
2024-02-27 19:53:37.646 Trial 1: Fixation cross ended, moving to word stimulus
2024-02-27 19:53:37.646 Trial 1: Showing word stimulus
2024-02-27 19:53:37.646 Showing word stimulus for category: TOOL
2024-02-27 19:53:37.662 Trigger sent: 3
2024-02-27 19:53:37.678 Trigger sent: 0
2024-02-27 19:53:39.146 Word stimulus "Nailer" shown for category: TOOL
2024-02-27 19:53:39.146 Trial 1: Word stimulus ended
2024-02-27 19:53:39.146 Trial 1: Congruency category - Congruent
2024-02-27 19:53:39.146 Trial 1: Data logged
2024-02-27 19:53:39.146 Starting trial 2
2024-02-27 19:53:39.146 Switching probabilities for trial 2
2024-02-27 19:53:39.147 Switching probabilities
2024-02-27 19:53:39.147 Trial 2: Selected cue "Pictures/Cue2_cat.png", Category: "TOOL"
2024-02-27 19:53:39.147 Trial 2: Showing fixation cross
2024-02-27 19:53:39.147 Showing fixation
2024-02-27 19:53:40.646 Fixation ended
2024-02-27 19:53:40.646 Trial 2: Fixation cross ended, moving to cue
2024-02-27 19:53:40.646 Trial 2: Showing cue
2024-02-27 19:53:40.646 Showing cue: Pictures/Cue2_cat.png
2024-02-27 19:53:40.680 Trigger sent: 1
2024-02-27 19:53:40.713 Trigger sent: 0
2024-02-27 19:53:42.164 Cue shown: Pictures/Cue2_cat.png with duration 1.5 seconds
2024-02-27 19:53:42.164 Trial 2: Cue completed, moving to fixation cross
2024-02-27 19:53:42.164 Trial 2: Showing fixation cross again
2024-02-27 19:53:42.164 Showing fixation
2024-02-27 19:53:43.665 Fixation ended
2024-02-27 19:53:43.665 Trial 2: Fixation cross ended, moving to word prediction prompt
2024-02-27 19:53:43.665 Trial 2: Starting prediction prompt
2024-02-27 19:53:43.665 Starting prediction prompt
2024-02-27 19:53:43.671 Frame 0: Before win.flip()
2024-02-27 19:53:43.681 Trigger sent: 2
2024-02-27 19:53:43.681 Frame 0: After win.flip()
2024-02-27 19:53:43.684 Frame 1: Before win.flip()
2024-02-27 19:53:43.697 Frame 1: After win.flip()
2024-02-27 19:53:43.701 Frame 2: Before win.flip()
2024-02-27 19:53:43.714 Frame 2: After win.flip()
2024-02-27 19:53:43.717 Frame 3: Before win.flip()
2024-02-27 19:53:43.731 Frame 3: After win.flip()
2024-02-27 19:53:43.734 Frame 4: Before win.flip()
2024-02-27 19:53:43.747 Frame 4: After win.flip()
2024-02-27 19:53:43.750 Frame 5: Before win.flip()
2024-02-27 19:53:43.764 Frame 5: After win.flip()
2024-02-27 19:53:43.767 Frame 6: Before win.flip()
2024-02-27 19:53:43.781 Frame 6: After win.flip()
2024-02-27 19:53:43.783 Frame 7: Before win.flip()
2024-02-27 19:53:43.797 Frame 7: After win.flip()
2024-02-27 19:53:43.800 Frame 8: Before win.flip()
2024-02-27 19:53:43.814 Frame 8: After win.flip()
2024-02-27 19:53:43.816 Frame 9: Before win.flip()
2024-02-27 19:53:43.831 Frame 9: After win.flip()
2024-02-27 19:53:43.834 Frame 10: Before win.flip()
2024-02-27 19:53:43.847 Frame 10: After win.flip()
2024-02-27 19:53:43.850 Frame 11: Before win.flip()
2024-02-27 19:53:43.864 Frame 11: After win.flip()
2024-02-27 19:53:43.867 Frame 12: Before win.flip()
2024-02-27 19:53:43.881 Frame 12: After win.flip()
2024-02-27 19:53:43.883 Frame 13: Before win.flip()
2024-02-27 19:53:43.897 Frame 13: After win.flip()
2024-02-27 19:53:43.900 Frame 14: Before win.flip()
2024-02-27 19:53:43.914 Frame 14: After win.flip()
2024-02-27 19:53:43.916 Frame 15: Before win.flip()
2024-02-27 19:53:43.931 Frame 15: After win.flip()
2024-02-27 19:53:43.934 Frame 16: Before win.flip()
2024-02-27 19:53:43.947 Frame 16: After win.flip()
2024-02-27 19:53:43.950 Frame 17: Before win.flip()
2024-02-27 19:53:43.964 Frame 17: After win.flip()
2024-02-27 19:53:43.966 Frame 18: Before win.flip()
2024-02-27 19:53:43.981 Frame 18: After win.flip()
2024-02-27 19:53:43.985 Prediction made: 0 with reaction time: 18.00482170000032
2024-02-27 19:53:43.985 Frame 19: Before win.flip()
2024-02-27 19:53:43.997 Frame 19: After win.flip()
2024-02-27 19:53:44.000 Frame 20: Before win.flip()
2024-02-27 19:53:44.014 Frame 20: After win.flip()
2024-02-27 19:53:44.016 Frame 21: Before win.flip()
2024-02-27 19:53:44.032 Frame 21: After win.flip()
2024-02-27 19:53:44.035 Frame 22: Before win.flip()
2024-02-27 19:53:44.048 Frame 22: After win.flip()
2024-02-27 19:53:44.050 Frame 23: Before win.flip()
2024-02-27 19:53:44.064 Frame 23: After win.flip()
2024-02-27 19:53:44.066 Frame 24: Before win.flip()
2024-02-27 19:53:44.081 Frame 24: After win.flip()
2024-02-27 19:53:44.083 Frame 25: Before win.flip()
2024-02-27 19:53:44.098 Frame 25: After win.flip()
2024-02-27 19:53:44.100 Frame 26: Before win.flip()
2024-02-27 19:53:44.114 Frame 26: After win.flip()
2024-02-27 19:53:44.116 Frame 27: Before win.flip()
2024-02-27 19:53:44.130 Frame 27: After win.flip()
2024-02-27 19:53:44.133 Frame 28: Before win.flip()
2024-02-27 19:53:44.147 Frame 28: After win.flip()
2024-02-27 19:53:44.150 Frame 29: Before win.flip()
2024-02-27 19:53:44.165 Frame 29: After win.flip()
2024-02-27 19:53:44.167 Frame 30: Before win.flip()
2024-02-27 19:53:44.181 Frame 30: After win.flip()
2024-02-27 19:53:44.183 Frame 31: Before win.flip()
2024-02-27 19:53:44.197 Frame 31: After win.flip()
2024-02-27 19:53:44.200 Frame 32: Before win.flip()
2024-02-27 19:53:44.214 Frame 32: After win.flip()
2024-02-27 19:53:44.216 Frame 33: Before win.flip()
2024-02-27 19:53:44.231 Frame 33: After win.flip()
2024-02-27 19:53:44.233 Frame 34: Before win.flip()
2024-02-27 19:53:44.247 Frame 34: After win.flip()
2024-02-27 19:53:44.249 Frame 35: Before win.flip()
2024-02-27 19:53:44.264 Frame 35: After win.flip()
2024-02-27 19:53:44.266 Frame 36: Before win.flip()
2024-02-27 19:53:44.280 Frame 36: After win.flip()
2024-02-27 19:53:44.283 Frame 37: Before win.flip()
2024-02-27 19:53:44.298 Frame 37: After win.flip()
2024-02-27 19:53:44.300 Frame 38: Before win.flip()
2024-02-27 19:53:44.314 Frame 38: After win.flip()
2024-02-27 19:53:44.316 Frame 39: Before win.flip()
2024-02-27 19:53:44.331 Frame 39: After win.flip()
2024-02-27 19:53:44.334 Frame 40: Before win.flip()
2024-02-27 19:53:44.348 Frame 40: After win.flip()
2024-02-27 19:53:44.351 Frame 41: Before win.flip()
2024-02-27 19:53:44.364 Frame 41: After win.flip()
2024-02-27 19:53:44.367 Frame 42: Before win.flip()
2024-02-27 19:53:44.381 Frame 42: After win.flip()
2024-02-27 19:53:44.384 Frame 43: Before win.flip()
2024-02-27 19:53:44.398 Frame 43: After win.flip()
2024-02-27 19:53:44.401 Frame 44: Before win.flip()
2024-02-27 19:53:44.414 Frame 44: After win.flip()
2024-02-27 19:53:44.418 Frame 45: Before win.flip()
2024-02-27 19:53:44.431 Frame 45: After win.flip()
2024-02-27 19:53:44.434 Frame 46: Before win.flip()
2024-02-27 19:53:44.448 Frame 46: After win.flip()
2024-02-27 19:53:44.451 Frame 47: Before win.flip()
2024-02-27 19:53:44.465 Frame 47: After win.flip()
2024-02-27 19:53:44.467 Frame 48: Before win.flip()
2024-02-27 19:53:44.481 Frame 48: After win.flip()
2024-02-27 19:53:44.484 Frame 49: Before win.flip()
2024-02-27 19:53:44.498 Frame 49: After win.flip()
2024-02-27 19:53:44.500 Frame 50: Before win.flip()
2024-02-27 19:53:44.514 Frame 50: After win.flip()
2024-02-27 19:53:44.517 Frame 51: Before win.flip()
2024-02-27 19:53:44.531 Frame 51: After win.flip()
2024-02-27 19:53:44.534 Frame 52: Before win.flip()
2024-02-27 19:53:44.548 Frame 52: After win.flip()
2024-02-27 19:53:44.550 Frame 53: Before win.flip()
2024-02-27 19:53:44.565 Frame 53: After win.flip()
2024-02-27 19:53:44.567 Frame 54: Before win.flip()
2024-02-27 19:53:44.581 Frame 54: After win.flip()
2024-02-27 19:53:44.584 Frame 55: Before win.flip()
2024-02-27 19:53:44.597 Frame 55: After win.flip()
2024-02-27 19:53:44.600 Frame 56: Before win.flip()
2024-02-27 19:53:44.614 Frame 56: After win.flip()
2024-02-27 19:53:44.616 Frame 57: Before win.flip()
2024-02-27 19:53:44.631 Frame 57: After win.flip()
2024-02-27 19:53:44.634 Frame 58: Before win.flip()
2024-02-27 19:53:44.648 Frame 58: After win.flip()
2024-02-27 19:53:44.651 Frame 59: Before win.flip()
2024-02-27 19:53:44.664 Frame 59: After win.flip()
2024-02-27 19:53:44.666 Frame 60: Before win.flip()
2024-02-27 19:53:44.681 Frame 60: After win.flip()
2024-02-27 19:53:44.684 Frame 61: Before win.flip()
2024-02-27 19:53:44.697 Frame 61: After win.flip()
2024-02-27 19:53:44.699 Frame 62: Before win.flip()
2024-02-27 19:53:44.714 Frame 62: After win.flip()
2024-02-27 19:53:44.717 Frame 63: Before win.flip()
2024-02-27 19:53:44.731 Frame 63: After win.flip()
2024-02-27 19:53:44.735 Frame 64: Before win.flip()
2024-02-27 19:53:44.748 Frame 64: After win.flip()
2024-02-27 19:53:44.751 Frame 65: Before win.flip()
2024-02-27 19:53:44.764 Frame 65: After win.flip()
2024-02-27 19:53:44.767 Frame 66: Before win.flip()
2024-02-27 19:53:44.781 Frame 66: After win.flip()
2024-02-27 19:53:44.784 Frame 67: Before win.flip()
2024-02-27 19:53:44.797 Frame 67: After win.flip()
2024-02-27 19:53:44.799 Frame 68: Before win.flip()
2024-02-27 19:53:44.814 Frame 68: After win.flip()
2024-02-27 19:53:44.817 Frame 69: Before win.flip()
2024-02-27 19:53:44.831 Frame 69: After win.flip()
2024-02-27 19:53:44.834 Frame 70: Before win.flip()
2024-02-27 19:53:44.848 Frame 70: After win.flip()
2024-02-27 19:53:44.850 Frame 71: Before win.flip()
2024-02-27 19:53:44.864 Frame 71: After win.flip()
2024-02-27 19:53:44.867 Frame 72: Before win.flip()
2024-02-27 19:53:44.881 Frame 72: After win.flip()
2024-02-27 19:53:44.884 Frame 73: Before win.flip()
2024-02-27 19:53:44.898 Frame 73: After win.flip()
2024-02-27 19:53:44.900 Frame 74: Before win.flip()
2024-02-27 19:53:44.914 Frame 74: After win.flip()
2024-02-27 19:53:44.917 Frame 75: Before win.flip()
2024-02-27 19:53:44.931 Frame 75: After win.flip()
2024-02-27 19:53:44.934 Frame 76: Before win.flip()
2024-02-27 19:53:44.949 Frame 76: After win.flip()
2024-02-27 19:53:44.952 Frame 77: Before win.flip()
2024-02-27 19:53:44.964 Frame 77: After win.flip()
2024-02-27 19:53:44.967 Frame 78: Before win.flip()
2024-02-27 19:53:44.981 Frame 78: After win.flip()
2024-02-27 19:53:44.984 Frame 79: Before win.flip()
2024-02-27 19:53:44.998 Frame 79: After win.flip()
2024-02-27 19:53:45.000 Frame 80: Before win.flip()
2024-02-27 19:53:45.015 Frame 80: After win.flip()
2024-02-27 19:53:45.017 Frame 81: Before win.flip()
2024-02-27 19:53:45.031 Frame 81: After win.flip()
2024-02-27 19:53:45.034 Frame 82: Before win.flip()
2024-02-27 19:53:45.047 Frame 82: After win.flip()
2024-02-27 19:53:45.049 Frame 83: Before win.flip()
2024-02-27 19:53:45.064 Frame 83: After win.flip()
2024-02-27 19:53:45.066 Frame 84: Before win.flip()
2024-02-27 19:53:45.080 Frame 84: After win.flip()
2024-02-27 19:53:45.083 Frame 85: Before win.flip()
2024-02-27 19:53:45.098 Frame 85: After win.flip()
2024-02-27 19:53:45.100 Frame 86: Before win.flip()
2024-02-27 19:53:45.114 Frame 86: After win.flip()
2024-02-27 19:53:45.117 Frame 87: Before win.flip()
2024-02-27 19:53:45.132 Frame 87: After win.flip()
2024-02-27 19:53:45.135 Frame 88: Before win.flip()
2024-02-27 19:53:45.148 Frame 88: After win.flip()
2024-02-27 19:53:45.151 Frame 89: Before win.flip()
2024-02-27 19:53:45.165 Frame 89: After win.flip()
2024-02-27 19:53:45.165 Setting trigger reset on next flip after prediction prompt
2024-02-27 19:53:45.182 Trigger sent: 0
2024-02-27 19:53:45.183 Trigger reset after prediction prompt
2024-02-27 19:53:45.183 Prediction prompt completed
2024-02-27 19:53:45.183 Trial 2: Prediction prompt completed, moving to fixation cross
2024-02-27 19:53:45.183 Trial 2: Showing fixation cross
2024-02-27 19:53:45.183 Showing fixation
2024-02-27 19:53:46.682 Fixation ended
2024-02-27 19:53:46.682 Trial 2: Fixation cross ended, moving to word stimulus
2024-02-27 19:53:46.682 Trial 2: Showing word stimulus
2024-02-27 19:53:46.682 Showing word stimulus for category: TOOL
2024-02-27 19:53:46.703 Trigger sent: 3
2024-02-27 19:53:46.715 Trigger sent: 0
2024-02-27 19:53:48.183 Word stimulus "Gauge" shown for category: TOOL
2024-02-27 19:53:48.183 Trial 2: Word stimulus ended
2024-02-27 19:53:48.183 Trial 2: Congruency category - Incongruent
2024-02-27 19:53:48.183 Trial 2: Data logged
2024-02-27 19:53:48.183 Main experiment loop ended
2024-02-27 20:11:58.979 Experiment started
2024-02-27 20:11:59.517 Window and monitors initialized
2024-02-27 20:11:59.517 Stimuli prepared
2024-02-27 20:11:59.605 Setting up prediction prompt
2024-02-27 20:12:00.745 Setting up word stimulus
2024-02-27 20:12:00.745 Setting up data writer
2024-02-27 20:12:00.746 Main experiment loop starting
2024-02-27 20:12:00.746 Displaying instruction: The experiment will now begin. 

 Press SPACE to START
2024-02-27 20:12:01.484 Instruction ended
2024-02-27 20:12:01.484 Starting trial 1
2024-02-27 20:12:01.484 Trial 1: Selected cue "Pictures/Cue2_cat.png", Category: "ANIMAL"
2024-02-27 20:12:01.484 Trial 1: Showing fixation cross
2024-02-27 20:12:01.484 Showing fixation
2024-02-27 20:12:02.968 Fixation ended
2024-02-27 20:12:02.969 Trial 1: Fixation cross ended, moving to cue
2024-02-27 20:12:02.969 Trial 1: Showing cue
2024-02-27 20:12:02.969 Showing cue: Pictures/Cue2_cat.png
2024-02-27 20:12:03.031 Trigger sent: 1
2024-02-27 20:12:03.065 Trigger sent: 0
2024-02-27 20:12:04.518 Cue shown: Pictures/Cue2_cat.png with duration 1.5 seconds
2024-02-27 20:12:04.518 Trial 1: Cue completed, moving to fixation cross
2024-02-27 20:12:04.518 Trial 1: Showing fixation cross again
2024-02-27 20:12:04.518 Showing fixation
2024-02-27 20:12:06.018 Fixation ended
2024-02-27 20:12:06.018 Trial 1: Fixation cross ended, moving to word prediction prompt
2024-02-27 20:12:06.018 Trial 1: Starting prediction prompt
2024-02-27 20:12:06.019 Starting prediction prompt
2024-02-27 20:12:06.032 Frame 0: Before win.flip()
2024-02-27 20:12:06.035 Trigger sent: 2
2024-02-27 20:12:06.035 Frame 0: After win.flip()
2024-02-27 20:12:06.037 Frame 1: Before win.flip()
2024-02-27 20:12:06.051 Frame 1: After win.flip()
2024-02-27 20:12:06.053 Frame 2: Before win.flip()
2024-02-27 20:12:06.067 Frame 2: After win.flip()
2024-02-27 20:12:06.070 Frame 3: Before win.flip()
2024-02-27 20:12:06.085 Frame 3: After win.flip()
2024-02-27 20:12:06.087 Frame 4: Before win.flip()
2024-02-27 20:12:06.102 Frame 4: After win.flip()
2024-02-27 20:12:06.104 Frame 5: Before win.flip()
2024-02-27 20:12:06.118 Frame 5: After win.flip()
2024-02-27 20:12:06.121 Frame 6: Before win.flip()
2024-02-27 20:12:06.134 Frame 6: After win.flip()
2024-02-27 20:12:06.137 Frame 7: Before win.flip()
2024-02-27 20:12:06.151 Frame 7: After win.flip()
2024-02-27 20:12:06.154 Frame 8: Before win.flip()
2024-02-27 20:12:06.167 Frame 8: After win.flip()
2024-02-27 20:12:06.169 Frame 9: Before win.flip()
2024-02-27 20:12:06.184 Frame 9: After win.flip()
2024-02-27 20:12:06.186 Frame 10: Before win.flip()
2024-02-27 20:12:06.201 Frame 10: After win.flip()
2024-02-27 20:12:06.203 Frame 11: Before win.flip()
2024-02-27 20:12:06.218 Frame 11: After win.flip()
2024-02-27 20:12:06.221 Frame 12: Before win.flip()
2024-02-27 20:12:06.234 Frame 12: After win.flip()
2024-02-27 20:12:06.239 Frame 13: Before win.flip()
2024-02-27 20:12:06.251 Frame 13: After win.flip()
2024-02-27 20:12:06.254 Frame 14: Before win.flip()
2024-02-27 20:12:06.268 Frame 14: After win.flip()
2024-02-27 20:12:06.271 Frame 15: Before win.flip()
2024-02-27 20:12:06.284 Frame 15: After win.flip()
2024-02-27 20:12:06.286 Frame 16: Before win.flip()
2024-02-27 20:12:06.301 Frame 16: After win.flip()
2024-02-27 20:12:06.303 Frame 17: Before win.flip()
2024-02-27 20:12:06.318 Frame 17: After win.flip()
2024-02-27 20:12:06.320 Frame 18: Before win.flip()
2024-02-27 20:12:06.334 Frame 18: After win.flip()
2024-02-27 20:12:06.337 Frame 19: Before win.flip()
2024-02-27 20:12:06.351 Frame 19: After win.flip()
2024-02-27 20:12:06.354 Frame 20: Before win.flip()
2024-02-27 20:12:06.368 Frame 20: After win.flip()
2024-02-27 20:12:06.371 Frame 21: Before win.flip()
2024-02-27 20:12:06.384 Frame 21: After win.flip()
2024-02-27 20:12:06.387 Frame 22: Before win.flip()
2024-02-27 20:12:06.400 Frame 22: After win.flip()
2024-02-27 20:12:06.403 Frame 23: Before win.flip()
2024-02-27 20:12:06.417 Frame 23: After win.flip()
2024-02-27 20:12:06.420 Frame 24: Before win.flip()
2024-02-27 20:12:06.434 Frame 24: After win.flip()
2024-02-27 20:12:06.437 Frame 25: Before win.flip()
2024-02-27 20:12:06.450 Frame 25: After win.flip()
2024-02-27 20:12:06.453 Frame 26: Before win.flip()
2024-02-27 20:12:06.467 Frame 26: After win.flip()
2024-02-27 20:12:06.470 Frame 27: Before win.flip()
2024-02-27 20:12:06.484 Frame 27: After win.flip()
2024-02-27 20:12:06.486 Frame 28: Before win.flip()
2024-02-27 20:12:06.500 Frame 28: After win.flip()
2024-02-27 20:12:06.503 Frame 29: Before win.flip()
2024-02-27 20:12:06.517 Frame 29: After win.flip()
2024-02-27 20:12:06.520 Frame 30: Before win.flip()
2024-02-27 20:12:06.534 Frame 30: After win.flip()
2024-02-27 20:12:06.537 Frame 31: Before win.flip()
2024-02-27 20:12:06.551 Frame 31: After win.flip()
2024-02-27 20:12:06.553 Frame 32: Before win.flip()
2024-02-27 20:12:06.568 Frame 32: After win.flip()
2024-02-27 20:12:06.571 Frame 33: Before win.flip()
2024-02-27 20:12:06.584 Frame 33: After win.flip()
2024-02-27 20:12:06.587 Frame 34: Before win.flip()
2024-02-27 20:12:06.601 Frame 34: After win.flip()
2024-02-27 20:12:06.604 Frame 35: Before win.flip()
2024-02-27 20:12:06.617 Frame 35: After win.flip()
2024-02-27 20:12:06.620 Frame 36: Before win.flip()
2024-02-27 20:12:06.634 Frame 36: After win.flip()
2024-02-27 20:12:06.636 Frame 37: Before win.flip()
2024-02-27 20:12:06.651 Frame 37: After win.flip()
2024-02-27 20:12:06.654 Frame 38: Before win.flip()
2024-02-27 20:12:06.667 Frame 38: After win.flip()
2024-02-27 20:12:06.670 Frame 39: Before win.flip()
2024-02-27 20:12:06.684 Frame 39: After win.flip()
2024-02-27 20:12:06.686 Frame 40: Before win.flip()
2024-02-27 20:12:06.701 Frame 40: After win.flip()
2024-02-27 20:12:06.704 Frame 41: Before win.flip()
2024-02-27 20:12:06.717 Frame 41: After win.flip()
2024-02-27 20:12:06.720 Frame 42: Before win.flip()
2024-02-27 20:12:06.734 Frame 42: After win.flip()
2024-02-27 20:12:06.736 Frame 43: Before win.flip()
2024-02-27 20:12:06.751 Frame 43: After win.flip()
2024-02-27 20:12:06.753 Frame 44: Before win.flip()
2024-02-27 20:12:06.767 Frame 44: After win.flip()
2024-02-27 20:12:06.770 Frame 45: Before win.flip()
2024-02-27 20:12:06.784 Frame 45: After win.flip()
2024-02-27 20:12:06.787 Frame 46: Before win.flip()
2024-02-27 20:12:06.801 Frame 46: After win.flip()
2024-02-27 20:12:06.804 Frame 47: Before win.flip()
2024-02-27 20:12:06.817 Frame 47: After win.flip()
2024-02-27 20:12:06.820 Frame 48: Before win.flip()
2024-02-27 20:12:06.834 Frame 48: After win.flip()
2024-02-27 20:12:06.836 Frame 49: Before win.flip()
2024-02-27 20:12:06.851 Frame 49: After win.flip()
2024-02-27 20:12:06.855 Prediction made: 1 with reaction time: 9.173760999998194
2024-02-27 20:12:06.855 Frame 50: Before win.flip()
2024-02-27 20:12:06.867 Frame 50: After win.flip()
2024-02-27 20:12:06.870 Frame 51: Before win.flip()
2024-02-27 20:12:06.884 Frame 51: After win.flip()
2024-02-27 20:12:06.887 Frame 52: Before win.flip()
2024-02-27 20:12:06.901 Frame 52: After win.flip()
2024-02-27 20:12:06.903 Frame 53: Before win.flip()
2024-02-27 20:12:06.917 Frame 53: After win.flip()
2024-02-27 20:12:06.921 Frame 54: Before win.flip()
2024-02-27 20:12:06.935 Frame 54: After win.flip()
2024-02-27 20:12:06.938 Frame 55: Before win.flip()
2024-02-27 20:12:06.951 Frame 55: After win.flip()
2024-02-27 20:12:06.954 Frame 56: Before win.flip()
2024-02-27 20:12:06.968 Frame 56: After win.flip()
2024-02-27 20:12:06.970 Frame 57: Before win.flip()
2024-02-27 20:12:06.984 Frame 57: After win.flip()
2024-02-27 20:12:06.987 Frame 58: Before win.flip()
2024-02-27 20:12:07.001 Frame 58: After win.flip()
2024-02-27 20:12:07.003 Frame 59: Before win.flip()
2024-02-27 20:12:07.017 Frame 59: After win.flip()
2024-02-27 20:12:07.019 Frame 60: Before win.flip()
2024-02-27 20:12:07.034 Frame 60: After win.flip()
2024-02-27 20:12:07.036 Frame 61: Before win.flip()
2024-02-27 20:12:07.051 Frame 61: After win.flip()
2024-02-27 20:12:07.053 Frame 62: Before win.flip()
2024-02-27 20:12:07.068 Frame 62: After win.flip()
2024-02-27 20:12:07.070 Frame 63: Before win.flip()
2024-02-27 20:12:07.084 Frame 63: After win.flip()
2024-02-27 20:12:07.087 Frame 64: Before win.flip()
2024-02-27 20:12:07.101 Frame 64: After win.flip()
2024-02-27 20:12:07.104 Frame 65: Before win.flip()
2024-02-27 20:12:07.117 Frame 65: After win.flip()
2024-02-27 20:12:07.120 Frame 66: Before win.flip()
2024-02-27 20:12:07.134 Frame 66: After win.flip()
2024-02-27 20:12:07.136 Frame 67: Before win.flip()
2024-02-27 20:12:07.150 Frame 67: After win.flip()
2024-02-27 20:12:07.153 Frame 68: Before win.flip()
2024-02-27 20:12:07.167 Frame 68: After win.flip()
2024-02-27 20:12:07.170 Frame 69: Before win.flip()
2024-02-27 20:12:07.185 Frame 69: After win.flip()
2024-02-27 20:12:07.188 Frame 70: Before win.flip()
2024-02-27 20:12:07.201 Frame 70: After win.flip()
2024-02-27 20:12:07.203 Frame 71: Before win.flip()
2024-02-27 20:12:07.218 Frame 71: After win.flip()
2024-02-27 20:12:07.221 Frame 72: Before win.flip()
2024-02-27 20:12:07.234 Frame 72: After win.flip()
2024-02-27 20:12:07.237 Frame 73: Before win.flip()
2024-02-27 20:12:07.251 Frame 73: After win.flip()
2024-02-27 20:12:07.254 Frame 74: Before win.flip()
2024-02-27 20:12:07.268 Frame 74: After win.flip()
2024-02-27 20:12:07.269 Frame 75: Before win.flip()
2024-02-27 20:12:07.284 Frame 75: After win.flip()
2024-02-27 20:12:07.287 Frame 76: Before win.flip()
2024-02-27 20:12:07.300 Frame 76: After win.flip()
2024-02-27 20:12:07.303 Frame 77: Before win.flip()
2024-02-27 20:12:07.319 Frame 77: After win.flip()
2024-02-27 20:12:07.322 Frame 78: Before win.flip()
2024-02-27 20:12:07.335 Frame 78: After win.flip()
2024-02-27 20:12:07.339 Frame 79: Before win.flip()
2024-02-27 20:12:07.352 Frame 79: After win.flip()
2024-02-27 20:12:07.355 Frame 80: Before win.flip()
2024-02-27 20:12:07.367 Frame 80: After win.flip()
2024-02-27 20:12:07.372 Frame 81: Before win.flip()
2024-02-27 20:12:07.385 Frame 81: After win.flip()
2024-02-27 20:12:07.389 Frame 82: Before win.flip()
2024-02-27 20:12:07.402 Frame 82: After win.flip()
2024-02-27 20:12:07.405 Frame 83: Before win.flip()
2024-02-27 20:12:07.418 Frame 83: After win.flip()
2024-02-27 20:12:07.421 Frame 84: Before win.flip()
2024-02-27 20:12:07.435 Frame 84: After win.flip()
2024-02-27 20:12:07.438 Frame 85: Before win.flip()
2024-02-27 20:12:07.451 Frame 85: After win.flip()
2024-02-27 20:12:07.453 Frame 86: Before win.flip()
2024-02-27 20:12:07.468 Frame 86: After win.flip()
2024-02-27 20:12:07.470 Frame 87: Before win.flip()
2024-02-27 20:12:07.484 Frame 87: After win.flip()
2024-02-27 20:12:07.487 Frame 88: Before win.flip()
2024-02-27 20:12:07.501 Frame 88: After win.flip()
2024-02-27 20:12:07.504 Frame 89: Before win.flip()
2024-02-27 20:12:07.517 Frame 89: After win.flip()
2024-02-27 20:12:07.517 Setting trigger reset on next flip after prediction prompt
2024-02-27 20:12:07.535 Trigger sent: 0
2024-02-27 20:12:07.535 Trigger reset after prediction prompt
2024-02-27 20:12:07.535 Prediction prompt completed
2024-02-27 20:12:07.535 Trial 1: Prediction prompt completed, moving to fixation cross
2024-02-27 20:12:07.535 Trial 1: Showing fixation cross
2024-02-27 20:12:07.535 Showing fixation
2024-02-27 20:12:09.036 Fixation ended
2024-02-27 20:12:09.036 Trial 1: Fixation cross ended, moving to word stimulus
2024-02-27 20:12:09.036 Trial 1: Showing word stimulus
2024-02-27 20:12:09.036 Showing word stimulus for category: ANIMAL
2024-02-27 20:12:09.052 Trigger sent: 3
2024-02-27 20:12:09.069 Trigger sent: 0
2024-02-27 20:12:10.536 Word stimulus "Skunk" shown for category: ANIMAL
2024-02-27 20:12:10.536 Trial 1: Word stimulus ended
2024-02-27 20:12:10.536 Trial 1: Congruency category - Congruent
2024-02-27 20:12:10.536 Trial 1: Data logged
2024-02-27 20:12:10.536 Experiment aborted by user.
2024-02-27 20:13:33.025 Experiment started
2024-02-27 20:13:33.502 Window and monitors initialized
2024-02-27 20:13:33.502 Stimuli prepared
2024-02-27 20:13:33.587 Setting up prediction prompt
2024-02-27 20:13:34.707 Setting up word stimulus
2024-02-27 20:13:34.707 Setting up data writer
2024-02-27 20:13:34.708 Main experiment loop starting
2024-02-27 20:13:34.708 Displaying instruction: The experiment will now begin. 

 Press SPACE to START
2024-02-27 20:13:35.415 Instruction ended
2024-02-27 20:13:35.415 Starting trial 1
2024-02-27 20:13:35.415 Trial 1: Selected cue "Pictures/Cue1_hammer.png", Category: "TOOL"
2024-02-27 20:13:35.415 Trial 1: Showing fixation cross
2024-02-27 20:13:35.415 Showing fixation
2024-02-27 20:13:36.902 Fixation ended
2024-02-27 20:13:36.902 Trial 1: Fixation cross ended, moving to cue
2024-02-27 20:13:36.902 Trial 1: Showing cue
2024-02-27 20:13:36.902 Showing cue: Pictures/Cue1_hammer.png
2024-02-27 20:13:36.964 Trigger sent: 1
2024-02-27 20:13:37.003 Trigger sent: 0
2024-02-27 20:13:38.454 Cue shown: Pictures/Cue1_hammer.png with duration 1.5 seconds
2024-02-27 20:13:38.454 Trial 1: Cue completed, moving to fixation cross
2024-02-27 20:13:38.454 Trial 1: Showing fixation cross again
2024-02-27 20:13:38.454 Showing fixation
2024-02-27 20:13:39.954 Fixation ended
2024-02-27 20:13:39.954 Trial 1: Fixation cross ended, moving to word prediction prompt
2024-02-27 20:13:39.954 Trial 1: Starting prediction prompt
2024-02-27 20:13:39.954 Starting prediction prompt
2024-02-27 20:13:39.968 Frame 0: Before win.flip()
2024-02-27 20:13:39.971 Trigger sent: 2
2024-02-27 20:13:39.971 Frame 0: After win.flip()
2024-02-27 20:13:39.974 Frame 1: Before win.flip()
2024-02-27 20:13:39.986 Frame 1: After win.flip()
2024-02-27 20:13:39.989 Frame 2: Before win.flip()
2024-02-27 20:13:40.003 Frame 2: After win.flip()
2024-02-27 20:13:40.006 Frame 3: Before win.flip()
2024-02-27 20:13:40.020 Frame 3: After win.flip()
2024-02-27 20:13:40.024 Frame 4: Before win.flip()
2024-02-27 20:13:40.036 Frame 4: After win.flip()
2024-02-27 20:13:40.039 Frame 5: Before win.flip()
2024-02-27 20:13:40.053 Frame 5: After win.flip()
2024-02-27 20:13:40.056 Frame 6: Before win.flip()
2024-02-27 20:13:40.070 Frame 6: After win.flip()
2024-02-27 20:13:40.072 Frame 7: Before win.flip()
2024-02-27 20:13:40.086 Frame 7: After win.flip()
2024-02-27 20:13:40.089 Frame 8: Before win.flip()
2024-02-27 20:13:40.103 Frame 8: After win.flip()
2024-02-27 20:13:40.106 Frame 9: Before win.flip()
2024-02-27 20:13:40.120 Frame 9: After win.flip()
2024-02-27 20:13:40.123 Frame 10: Before win.flip()
2024-02-27 20:13:40.137 Frame 10: After win.flip()
2024-02-27 20:13:40.139 Frame 11: Before win.flip()
2024-02-27 20:13:40.153 Frame 11: After win.flip()
2024-02-27 20:13:40.156 Frame 12: Before win.flip()
2024-02-27 20:13:40.170 Frame 12: After win.flip()
2024-02-27 20:13:40.173 Frame 13: Before win.flip()
2024-02-27 20:13:40.187 Frame 13: After win.flip()
2024-02-27 20:13:40.189 Frame 14: Before win.flip()
2024-02-27 20:13:40.204 Frame 14: After win.flip()
2024-02-27 20:13:40.205 Frame 15: Before win.flip()
2024-02-27 20:13:40.220 Frame 15: After win.flip()
2024-02-27 20:13:40.223 Frame 16: Before win.flip()
2024-02-27 20:13:40.236 Frame 16: After win.flip()
2024-02-27 20:13:40.239 Frame 17: Before win.flip()
2024-02-27 20:13:40.253 Frame 17: After win.flip()
2024-02-27 20:13:40.255 Frame 18: Before win.flip()
2024-02-27 20:13:40.270 Frame 18: After win.flip()
2024-02-27 20:13:40.272 Frame 19: Before win.flip()
2024-02-27 20:13:40.286 Frame 19: After win.flip()
2024-02-27 20:13:40.289 Frame 20: Before win.flip()
2024-02-27 20:13:40.303 Frame 20: After win.flip()
2024-02-27 20:13:40.308 Prediction made: 1 with reaction time: 8.62000260000059
2024-02-27 20:13:40.308 Frame 21: Before win.flip()
2024-02-27 20:13:40.320 Frame 21: After win.flip()
2024-02-27 20:13:40.323 Frame 22: Before win.flip()
2024-02-27 20:13:40.337 Frame 22: After win.flip()
2024-02-27 20:13:40.339 Frame 23: Before win.flip()
2024-02-27 20:13:40.353 Frame 23: After win.flip()
2024-02-27 20:13:40.356 Frame 24: Before win.flip()
2024-02-27 20:13:40.370 Frame 24: After win.flip()
2024-02-27 20:13:40.372 Frame 25: Before win.flip()
2024-02-27 20:13:40.387 Frame 25: After win.flip()
2024-02-27 20:13:40.389 Frame 26: Before win.flip()
2024-02-27 20:13:40.403 Frame 26: After win.flip()
2024-02-27 20:13:40.405 Frame 27: Before win.flip()
2024-02-27 20:13:40.420 Frame 27: After win.flip()
2024-02-27 20:13:40.423 Frame 28: Before win.flip()
2024-02-27 20:13:40.437 Frame 28: After win.flip()
2024-02-27 20:13:40.440 Frame 29: Before win.flip()
2024-02-27 20:13:40.453 Frame 29: After win.flip()
2024-02-27 20:13:40.456 Frame 30: Before win.flip()
2024-02-27 20:13:40.470 Frame 30: After win.flip()
2024-02-27 20:13:40.473 Frame 31: Before win.flip()
2024-02-27 20:13:40.486 Frame 31: After win.flip()
2024-02-27 20:13:40.490 Frame 32: Before win.flip()
2024-02-27 20:13:40.503 Frame 32: After win.flip()
2024-02-27 20:13:40.506 Frame 33: Before win.flip()
2024-02-27 20:13:40.520 Frame 33: After win.flip()
2024-02-27 20:13:40.524 Frame 34: Before win.flip()
2024-02-27 20:13:40.537 Frame 34: After win.flip()
2024-02-27 20:13:40.539 Frame 35: Before win.flip()
2024-02-27 20:13:40.554 Frame 35: After win.flip()
2024-02-27 20:13:40.556 Frame 36: Before win.flip()
2024-02-27 20:13:40.570 Frame 36: After win.flip()
2024-02-27 20:13:40.573 Frame 37: Before win.flip()
2024-02-27 20:13:40.586 Frame 37: After win.flip()
2024-02-27 20:13:40.589 Frame 38: Before win.flip()
2024-02-27 20:13:40.603 Frame 38: After win.flip()
2024-02-27 20:13:40.605 Frame 39: Before win.flip()
2024-02-27 20:13:40.620 Frame 39: After win.flip()
2024-02-27 20:13:40.623 Frame 40: Before win.flip()
2024-02-27 20:13:40.637 Frame 40: After win.flip()
2024-02-27 20:13:40.640 Frame 41: Before win.flip()
2024-02-27 20:13:40.653 Frame 41: After win.flip()
2024-02-27 20:13:40.656 Frame 42: Before win.flip()
2024-02-27 20:13:40.670 Frame 42: After win.flip()
2024-02-27 20:13:40.672 Frame 43: Before win.flip()
2024-02-27 20:13:40.687 Frame 43: After win.flip()
2024-02-27 20:13:40.690 Frame 44: Before win.flip()
2024-02-27 20:13:40.703 Frame 44: After win.flip()
2024-02-27 20:13:40.706 Frame 45: Before win.flip()
2024-02-27 20:13:40.720 Frame 45: After win.flip()
2024-02-27 20:13:40.723 Frame 46: Before win.flip()
2024-02-27 20:13:40.737 Frame 46: After win.flip()
2024-02-27 20:13:40.740 Frame 47: Before win.flip()
2024-02-27 20:13:40.754 Frame 47: After win.flip()
2024-02-27 20:13:40.757 Frame 48: Before win.flip()
2024-02-27 20:13:40.770 Frame 48: After win.flip()
2024-02-27 20:13:40.773 Frame 49: Before win.flip()
2024-02-27 20:13:40.787 Frame 49: After win.flip()
2024-02-27 20:13:40.790 Frame 50: Before win.flip()
2024-02-27 20:13:40.803 Frame 50: After win.flip()
2024-02-27 20:13:40.806 Frame 51: Before win.flip()
2024-02-27 20:13:40.820 Frame 51: After win.flip()
2024-02-27 20:13:40.823 Frame 52: Before win.flip()
2024-02-27 20:13:40.836 Frame 52: After win.flip()
2024-02-27 20:13:40.839 Frame 53: Before win.flip()
2024-02-27 20:13:40.853 Frame 53: After win.flip()
2024-02-27 20:13:40.855 Frame 54: Before win.flip()
2024-02-27 20:13:40.869 Frame 54: After win.flip()
2024-02-27 20:13:40.872 Frame 55: Before win.flip()
2024-02-27 20:13:40.886 Frame 55: After win.flip()
2024-02-27 20:13:40.888 Frame 56: Before win.flip()
2024-02-27 20:13:40.903 Frame 56: After win.flip()
2024-02-27 20:13:40.906 Frame 57: Before win.flip()
2024-02-27 20:13:40.920 Frame 57: After win.flip()
2024-02-27 20:13:40.923 Frame 58: Before win.flip()
2024-02-27 20:13:40.937 Frame 58: After win.flip()
2024-02-27 20:13:40.940 Frame 59: Before win.flip()
2024-02-27 20:13:40.953 Frame 59: After win.flip()
2024-02-27 20:13:40.956 Frame 60: Before win.flip()
2024-02-27 20:13:40.970 Frame 60: After win.flip()
2024-02-27 20:13:40.973 Frame 61: Before win.flip()
2024-02-27 20:13:40.987 Frame 61: After win.flip()
2024-02-27 20:13:40.989 Frame 62: Before win.flip()
2024-02-27 20:13:41.004 Frame 62: After win.flip()
2024-02-27 20:13:41.007 Frame 63: Before win.flip()
2024-02-27 20:13:41.021 Frame 63: After win.flip()
2024-02-27 20:13:41.023 Frame 64: Before win.flip()
2024-02-27 20:13:41.037 Frame 64: After win.flip()
2024-02-27 20:13:41.040 Frame 65: Before win.flip()
2024-02-27 20:13:41.053 Frame 65: After win.flip()
2024-02-27 20:13:41.055 Frame 66: Before win.flip()
2024-02-27 20:13:41.070 Frame 66: After win.flip()
2024-02-27 20:13:41.073 Frame 67: Before win.flip()
2024-02-27 20:13:41.087 Frame 67: After win.flip()
2024-02-27 20:13:41.089 Frame 68: Before win.flip()
2024-02-27 20:13:41.103 Frame 68: After win.flip()
2024-02-27 20:13:41.106 Frame 69: Before win.flip()
2024-02-27 20:13:41.120 Frame 69: After win.flip()
2024-02-27 20:13:41.123 Frame 70: Before win.flip()
2024-02-27 20:13:41.137 Frame 70: After win.flip()
2024-02-27 20:13:41.139 Frame 71: Before win.flip()
2024-02-27 20:13:41.153 Frame 71: After win.flip()
2024-02-27 20:13:41.156 Frame 72: Before win.flip()
2024-02-27 20:13:41.170 Frame 72: After win.flip()
2024-02-27 20:13:41.174 Frame 73: Before win.flip()
2024-02-27 20:13:41.186 Frame 73: After win.flip()
2024-02-27 20:13:41.190 Frame 74: Before win.flip()
2024-02-27 20:13:41.203 Frame 74: After win.flip()
2024-02-27 20:13:41.206 Frame 75: Before win.flip()
2024-02-27 20:13:41.220 Frame 75: After win.flip()
2024-02-27 20:13:41.224 Frame 76: Before win.flip()
2024-02-27 20:13:41.237 Frame 76: After win.flip()
2024-02-27 20:13:41.240 Frame 77: Before win.flip()
2024-02-27 20:13:41.254 Frame 77: After win.flip()
2024-02-27 20:13:41.257 Frame 78: Before win.flip()
2024-02-27 20:13:41.270 Frame 78: After win.flip()
2024-02-27 20:13:41.272 Frame 79: Before win.flip()
2024-02-27 20:13:41.287 Frame 79: After win.flip()
2024-02-27 20:13:41.290 Frame 80: Before win.flip()
2024-02-27 20:13:41.304 Frame 80: After win.flip()
2024-02-27 20:13:41.306 Frame 81: Before win.flip()
2024-02-27 20:13:41.320 Frame 81: After win.flip()
2024-02-27 20:13:41.322 Frame 82: Before win.flip()
2024-02-27 20:13:41.337 Frame 82: After win.flip()
2024-02-27 20:13:41.340 Frame 83: Before win.flip()
2024-02-27 20:13:41.353 Frame 83: After win.flip()
2024-02-27 20:13:41.356 Frame 84: Before win.flip()
2024-02-27 20:13:41.370 Frame 84: After win.flip()
2024-02-27 20:13:41.372 Frame 85: Before win.flip()
2024-02-27 20:13:41.387 Frame 85: After win.flip()
2024-02-27 20:13:41.389 Frame 86: Before win.flip()
2024-02-27 20:13:41.404 Frame 86: After win.flip()
2024-02-27 20:13:41.406 Frame 87: Before win.flip()
2024-02-27 20:13:41.421 Frame 87: After win.flip()
2024-02-27 20:13:41.424 Frame 88: Before win.flip()
2024-02-27 20:13:41.437 Frame 88: After win.flip()
2024-02-27 20:13:41.439 Frame 89: Before win.flip()
2024-02-27 20:13:41.453 Frame 89: After win.flip()
2024-02-27 20:13:41.453 Setting trigger reset on next flip after prediction prompt
2024-02-27 20:13:41.471 Trigger sent: 0
2024-02-27 20:13:41.472 Trigger reset after prediction prompt
2024-02-27 20:13:41.472 Prediction prompt completed
2024-02-27 20:13:41.472 Trial 1: Prediction prompt completed, moving to fixation cross
2024-02-27 20:13:41.472 Experiment aborted by user.
